
Mar 25, 2018 22:00:15.61 NEW SESSION
Mar 25, 2018 22:00:15.96 
Mar 25, 2018 22:00:15.96 (firefox:62387): GLib-GIO-CRITICAL **: g_dbus_connection_register_object: assertion 'G_IS_DBUS_CONNECTION (connection)' failed
Mar 25, 2018 22:00:15.96 
Mar 25, 2018 22:00:15.96 (firefox:62387): GLib-GIO-CRITICAL **: g_dbus_connection_register_object: assertion 'G_IS_DBUS_CONNECTION (connection)' failed
Mar 25, 2018 22:00:15.96 
Mar 25, 2018 22:00:15.96 (firefox:62387): GLib-GIO-CRITICAL **: g_dbus_connection_get_unique_name: assertion 'G_IS_DBUS_CONNECTION (connection)' failed
Mar 25, 2018 22:00:21.03 
Mar 25, 2018 22:00:21.03 (firefox:62462): GLib-GIO-CRITICAL **: g_dbus_connection_register_object: assertion 'G_IS_DBUS_CONNECTION (connection)' failed
Mar 25, 2018 22:00:21.03 
Mar 25, 2018 22:00:21.03 (firefox:62462): GLib-GIO-CRITICAL **: g_dbus_connection_register_object: assertion 'G_IS_DBUS_CONNECTION (connection)' failed
Mar 25, 2018 22:00:21.03 
Mar 25, 2018 22:00:21.03 (firefox:62462): GLib-GIO-CRITICAL **: g_dbus_connection_get_unique_name: assertion 'G_IS_DBUS_CONNECTION (connection)' failed
Mar 25, 2018 22:00:21.53 
Mar 25, 2018 22:00:21.53 (firefox:62462): GLib-GIO-CRITICAL **: g_dbus_connection_register_object: assertion 'G_IS_DBUS_CONNECTION (connection)' failed
Mar 25, 2018 22:00:21.53 
Mar 25, 2018 22:00:21.53 (firefox:62462): GLib-GIO-CRITICAL **: g_dbus_connection_register_object: assertion 'G_IS_DBUS_CONNECTION (connection)' failed
Mar 25, 2018 22:00:21.53 
Mar 25, 2018 22:00:21.53 (firefox:62462): GLib-GIO-CRITICAL **: g_dbus_connection_get_unique_name: assertion 'G_IS_DBUS_CONNECTION (connection)' failed
Mar 25, 2018 22:00:31.19 
Mar 25, 2018 22:00:31.20 (firefox:62462): LIBDBUSMENU-GLIB-WARNING **: Unable to get session bus: Could not connect: Connection refused
Mar 25, 2018 22:00:46.32 
Mar 25, 2018 22:00:46.32 (firefox:62462): GLib-GIO-CRITICAL **: g_dbus_connection_register_object: assertion 'G_IS_DBUS_CONNECTION (connection)' failed
Mar 25, 2018 22:00:46.32 
Mar 25, 2018 22:00:46.32 (firefox:62462): GLib-GIO-CRITICAL **: g_dbus_connection_register_object: assertion 'G_IS_DBUS_CONNECTION (connection)' failed
Mar 25, 2018 22:00:46.32 
Mar 25, 2018 22:00:46.33 (firefox:62462): GLib-GIO-CRITICAL **: g_dbus_connection_get_unique_name: assertion 'G_IS_DBUS_CONNECTION (connection)' failed
Mar 25, 2018 22:00:51.30 
Mar 25, 2018 22:00:51.30 (firefox:62462): LIBDBUSMENU-GLIB-WARNING **: Unable to get session bus: Could not connect: Connection refused
Mar 25, 2018 22:01:04.46 
Mar 25, 2018 22:01:04.46 ###!!! [Parent][RunMessage] Error: Channel error: cannot send/recv
Mar 25, 2018 22:01:04.46 
Mar 25, 2018 22:01:04.46 
Mar 25, 2018 22:01:04.46 ###!!! [Parent][RunMessage] Error: Channel error: cannot send/recv
Mar 25, 2018 22:01:04.46 
Mar 25, 2018 22:01:04.46 
Mar 25, 2018 22:01:04.46 ###!!! [Parent][RunMessage] Error: Channel error: cannot send/recv
Mar 25, 2018 22:01:04.46 
Mar 25, 2018 22:01:05.84 
Mar 25, 2018 22:01:05.84 ###!!! [Parent][RunMessage] Error: Channel error: cannot send/recv
Mar 25, 2018 22:01:05.85 
Mar 25, 2018 22:01:05.85 
Mar 25, 2018 22:01:05.85 ###!!! [Parent][RunMessage] Error: Channel error: cannot send/recv
Mar 25, 2018 22:01:05.85 
Mar 25, 2018 22:01:05.85 
Mar 25, 2018 22:01:05.86 ###!!! [Parent][RunMessage] Error: Channel error: cannot send/recv
Mar 25, 2018 22:01:05.86 
Mar 25, 2018 22:01:05.86 
Mar 25, 2018 22:01:05.86 ###!!! [Parent][RunMessage] Error: Channel error: cannot send/recv
Mar 25, 2018 22:01:05.86 
Mar 25, 2018 22:01:05.86 
Mar 25, 2018 22:01:05.86 ###!!! [Parent][RunMessage] Error: Channel error: cannot send/recv
Mar 25, 2018 22:01:05.86 
Mar 25, 2018 22:01:05.91 ExceptionHandler::GenerateDump cloned child 62640
Mar 25, 2018 22:01:05.91 ExceptionHandler::SendContinueSignalToChild sent continue signal to child
Mar 25, 2018 22:01:05.91 ExceptionHandler::WaitForContinueSignal waiting for continue signal...
Mar 25, 2018 22:01:07.09 
Mar 25, 2018 22:01:07.09 (firefox:62462): GLib-GIO-CRITICAL **: g_dbus_connection_register_object: assertion 'G_IS_DBUS_CONNECTION (connection)' failed
Mar 25, 2018 22:01:07.09 
Mar 25, 2018 22:01:07.09 (firefox:62462): GLib-GIO-CRITICAL **: g_dbus_connection_register_object: assertion 'G_IS_DBUS_CONNECTION (connection)' failed
Mar 25, 2018 22:01:07.09 
Mar 25, 2018 22:01:07.09 (firefox:62462): GLib-GIO-CRITICAL **: g_dbus_connection_get_unique_name: assertion 'G_IS_DBUS_CONNECTION (connection)' failed
Mar 25, 2018 22:01:07.55 [Parent 62462, Gecko_IOThread] WARNING: waitpid failed pid:62518 errno:10: file /build/firefox-CQifnS/firefox-59.0.1+build1/ipc/chromium/src/base/process_util_posix.cc, line 265
Mar 25, 2018 22:01:32.49 
Mar 25, 2018 22:01:32.50 (firefox:62462): GLib-GIO-CRITICAL **: g_dbus_connection_register_object: assertion 'G_IS_DBUS_CONNECTION (connection)' failed
Mar 25, 2018 22:01:32.51 
Mar 25, 2018 22:01:32.51 (firefox:62462): GLib-GIO-CRITICAL **: g_dbus_connection_register_object: assertion 'G_IS_DBUS_CONNECTION (connection)' failed
Mar 25, 2018 22:01:32.51 
Mar 25, 2018 22:01:32.51 (firefox:62462): GLib-GIO-CRITICAL **: g_dbus_connection_get_unique_name: assertion 'G_IS_DBUS_CONNECTION (connection)' failed
Mar 25, 2018 23:20:00.10 
Mar 25, 2018 23:20:00.10 (firefox:62462): GLib-GIO-CRITICAL **: g_dbus_connection_register_object: assertion 'G_IS_DBUS_CONNECTION (connection)' failed
Mar 25, 2018 23:20:00.10 
Mar 25, 2018 23:20:00.10 (firefox:62462): GLib-GIO-CRITICAL **: g_dbus_connection_register_object: assertion 'G_IS_DBUS_CONNECTION (connection)' failed
Mar 25, 2018 23:20:00.10 
Mar 25, 2018 23:20:00.10 (firefox:62462): GLib-GIO-CRITICAL **: g_dbus_connection_get_unique_name: assertion 'G_IS_DBUS_CONNECTION (connection)' failed
Mar 26, 2018 18:08:19.86 
Mar 26, 2018 18:08:19.86 (firefox:62462): GLib-GIO-CRITICAL **: g_dbus_connection_register_object: assertion 'G_IS_DBUS_CONNECTION (connection)' failed
Mar 26, 2018 18:08:19.86 
Mar 26, 2018 18:08:19.86 (firefox:62462): GLib-GIO-CRITICAL **: g_dbus_connection_register_object: assertion 'G_IS_DBUS_CONNECTION (connection)' failed
Mar 26, 2018 18:08:19.86 
Mar 26, 2018 18:08:19.87 (firefox:62462): GLib-GIO-CRITICAL **: g_dbus_connection_get_unique_name: assertion 'G_IS_DBUS_CONNECTION (connection)' failed
Mar 26, 2018 23:26:15.42 
Mar 26, 2018 23:26:15.42 (firefox:62462): GLib-GIO-CRITICAL **: g_dbus_connection_register_object: assertion 'G_IS_DBUS_CONNECTION (connection)' failed
Mar 26, 2018 23:26:15.42 
Mar 26, 2018 23:26:15.42 (firefox:62462): GLib-GIO-CRITICAL **: g_dbus_connection_register_object: assertion 'G_IS_DBUS_CONNECTION (connection)' failed
Mar 26, 2018 23:26:15.42 
Mar 26, 2018 23:26:15.42 (firefox:62462): GLib-GIO-CRITICAL **: g_dbus_connection_get_unique_name: assertion 'G_IS_DBUS_CONNECTION (connection)' failed
Mar 27, 2018 24:09:54.90 
Mar 27, 2018 24:09:54.90 (firefox:62462): GLib-GIO-CRITICAL **: g_dbus_connection_register_object: assertion 'G_IS_DBUS_CONNECTION (connection)' failed
Mar 27, 2018 24:09:54.90 
Mar 27, 2018 24:09:54.90 (firefox:62462): GLib-GIO-CRITICAL **: g_dbus_connection_register_object: assertion 'G_IS_DBUS_CONNECTION (connection)' failed
Mar 27, 2018 24:09:54.90 
Mar 27, 2018 24:09:54.90 (firefox:62462): GLib-GIO-CRITICAL **: g_dbus_connection_get_unique_name: assertion 'G_IS_DBUS_CONNECTION (connection)' failed
Mar 29, 2018 02:24:04.64 
Mar 29, 2018 02:24:04.65 (firefox:62462): GLib-GIO-CRITICAL **: g_dbus_connection_register_object: assertion 'G_IS_DBUS_CONNECTION (connection)' failed
Mar 29, 2018 02:24:04.65 
Mar 29, 2018 02:24:04.65 (firefox:62462): GLib-GIO-CRITICAL **: g_dbus_connection_register_object: assertion 'G_IS_DBUS_CONNECTION (connection)' failed
Mar 29, 2018 02:24:04.65 
Mar 29, 2018 02:24:04.65 (firefox:62462): GLib-GIO-CRITICAL **: g_dbus_connection_get_unique_name: assertion 'G_IS_DBUS_CONNECTION (connection)' failed

Apr 07, 2018 01:26:42.00 NEW SESSION
Apr 07, 2018 01:26:42.00 sh: 0: getcwd() failed: No such file or directory
Apr 07, 2018 01:26:42.02 sh: 0: getcwd() failed: No such file or directory
Apr 07, 2018 01:26:42.23 
Apr 07, 2018 01:26:42.23 (firefox:18977): Gdk-WARNING **: firefox: Fatal IO error 14 (Bad address) on X server :1.
Apr 07, 2018 01:26:42.23 
Apr 07, 2018 01:26:42.25 sh: 0: getcwd() failed: No such file or directory
Apr 07, 2018 01:26:42.25 sh: 0: getcwd() failed: No such file or directory
Apr 07, 2018 01:27:18.89 
Apr 07, 2018 01:27:18.89 ###!!! [Parent][RunMessage] Error: Channel closing: too late to send/recv, messages will be lost
Apr 07, 2018 01:27:18.89 
Apr 07, 2018 01:27:57.54 sh: 0: getcwd() failed: No such file or directory
Apr 07, 2018 01:27:57.54 sh: 0: getcwd() failed: No such file or directory
Apr 07, 2018 01:29:05.01 sh: 0: getcwd() failed: No such file or directory
Apr 07, 2018 01:29:05.01 sh: 0: getcwd() failed: No such file or directory
Apr 07, 2018 01:29:05.87 sh: 0: getcwd() failed: No such file or directory
Apr 07, 2018 01:29:05.87 sh: 0: getcwd() failed: No such file or directory
Apr 07, 2018 01:29:28.88 sh: 0: getcwd() failed: No such file or directory
Apr 07, 2018 01:29:28.90 sh: 0: getcwd() failed: No such file or directory
Apr 07, 2018 01:29:29.60 sh: 0: getcwd() failed: No such file or directory
Apr 07, 2018 01:29:29.60 sh: 0: getcwd() failed: No such file or directory
Apr 07, 2018 15:27:10.68 sh: 0: getcwd() failed: No such file or directory
Apr 07, 2018 15:27:10.68 sh: 0: getcwd() failed: No such file or directory
Apr 07, 2018 15:27:10.98 
Apr 07, 2018 15:27:10.98 (firefox:23000): Gdk-WARNING **: firefox: Fatal IO error 14 (Bad address) on X server :1.
Apr 07, 2018 15:27:10.98 
Apr 07, 2018 15:27:10.99 sh: 0: getcwd() failed: No such file or directory
Apr 07, 2018 15:27:10.99 sh: 0: getcwd() failed: No such file or directory
Apr 07, 2018 15:27:43.85 
Apr 07, 2018 15:27:43.85 ###!!! [Parent][RunMessage] Error: Channel closing: too late to send/recv, messages will be lost
Apr 07, 2018 15:27:43.86 

May 13, 2018 01:48:49.06 NEW SESSION
May 13, 2018 01:48:49.06 
May 13, 2018 01:48:49.08 ###!!! [Parent][MessageChannel] Error: (msgtype=0x15007F,name=PBrowser::Msg_Destroy) Closed channel: cannot send/recv
May 13, 2018 01:48:49.08 
May 13, 2018 01:52:49.01 
May 13, 2018 01:52:49.03 ###!!! [Parent][MessageChannel] Error: (msgtype=0x15007F,name=PBrowser::Msg_Destroy) Closed channel: cannot send/recv
May 13, 2018 01:52:49.03 

May 23, 2018 16:10:38.97 NEW SESSION
May 23, 2018 16:10:38.97 
May 23, 2018 16:10:38.98 ###!!! [Parent][MessageChannel] Error: (msgtype=0x15007F,name=PBrowser::Msg_Destroy) Closed channel: cannot send/recv
May 23, 2018 16:10:38.99 
May 23, 2018 16:10:39.00 [Parent 50073, Gecko_IOThread] WARNING: pipe error (133): Connection reset by peer: file /build/firefox-AIw0T6/firefox-60.0.1+build2/ipc/chromium/src/chrome/common/ipc_channel_posix.cc, line 353
May 23, 2018 16:10:39.13 
May 23, 2018 16:10:39.13 ###!!! [Parent][DispatchAsyncMessage] Error: PClientManager::Msg_Teardown Route error: message sent to unknown actor ID
May 23, 2018 16:10:39.13 
May 23, 2018 16:10:39.13 
May 23, 2018 16:10:39.13 ###!!! [Parent][RunMessage] Error: Channel closing: too late to send/recv, messages will be lost
May 23, 2018 16:10:39.13 
May 23, 2018 16:10:39.13 
May 23, 2018 16:10:39.13 ###!!! [Parent][RunMessage] Error: Channel closing: too late to send/recv, messages will be lost
May 23, 2018 16:10:39.13 
